\BOOKMARK [0][-]{chapter.1}{\376\377\0001\000\040\000D\000e\000p\000r\000e\000c\000a\000t\000e\000d\000\040\000L\000i\000s\000t}{}% 1
\BOOKMARK [0][-]{chapter.2}{\376\377\0002\000\040\000N\000a\000m\000e\000s\000p\000a\000c\000e\000\040\000I\000n\000d\000e\000x}{}% 2
\BOOKMARK [1][-]{section.2.1}{\376\377\0002\000.\0001\000\040\000N\000a\000m\000e\000s\000p\000a\000c\000e\000\040\000L\000i\000s\000t}{chapter.2}% 3
\BOOKMARK [0][-]{chapter.3}{\376\377\0003\000\040\000H\000i\000e\000r\000a\000r\000c\000h\000i\000c\000a\000l\000\040\000I\000n\000d\000e\000x}{}% 4
\BOOKMARK [1][-]{section.3.1}{\376\377\0003\000.\0001\000\040\000C\000l\000a\000s\000s\000\040\000H\000i\000e\000r\000a\000r\000c\000h\000y}{chapter.3}% 5
\BOOKMARK [0][-]{chapter.4}{\376\377\0004\000\040\000C\000l\000a\000s\000s\000\040\000I\000n\000d\000e\000x}{}% 6
\BOOKMARK [1][-]{section.4.1}{\376\377\0004\000.\0001\000\040\000C\000l\000a\000s\000s\000\040\000L\000i\000s\000t}{chapter.4}% 7
\BOOKMARK [0][-]{chapter.5}{\376\377\0005\000\040\000F\000i\000l\000e\000\040\000I\000n\000d\000e\000x}{}% 8
\BOOKMARK [1][-]{section.5.1}{\376\377\0005\000.\0001\000\040\000F\000i\000l\000e\000\040\000L\000i\000s\000t}{chapter.5}% 9
\BOOKMARK [0][-]{chapter.6}{\376\377\0006\000\040\000N\000a\000m\000e\000s\000p\000a\000c\000e\000\040\000D\000o\000c\000u\000m\000e\000n\000t\000a\000t\000i\000o\000n}{}% 10
\BOOKMARK [1][-]{section.6.1}{\376\377\0006\000.\0001\000\040\000M\000a\000p\000p\000e\000r\000L\000i\000b\000\040\000N\000a\000m\000e\000s\000p\000a\000c\000e\000\040\000R\000e\000f\000e\000r\000e\000n\000c\000e}{chapter.6}% 11
\BOOKMARK [2][-]{subsection.6.1.1}{\376\377\0006\000.\0001\000.\0001\000\040\000T\000y\000p\000e\000d\000e\000f\000\040\000D\000o\000c\000u\000m\000e\000n\000t\000a\000t\000i\000o\000n}{section.6.1}% 12
\BOOKMARK [3][-]{subsubsection.6.1.1.1}{\376\377\0006\000.\0001\000.\0001\000.\0001\000\040\000C\000l\000u\000s\000t\000e\000r}{subsection.6.1.1}% 13
\BOOKMARK [3][-]{subsubsection.6.1.1.2}{\376\377\0006\000.\0001\000.\0001\000.\0002\000\040\000C\000l\000u\000s\000t\000e\000r\000A\000s\000s\000i\000g\000n\000m\000e\000n\000t}{subsection.6.1.1}% 14
\BOOKMARK [3][-]{subsubsection.6.1.1.3}{\376\377\0006\000.\0001\000.\0001\000.\0003\000\040\000C\000l\000u\000s\000t\000e\000r\000I\000d}{subsection.6.1.1}% 15
\BOOKMARK [3][-]{subsubsection.6.1.1.4}{\376\377\0006\000.\0001\000.\0001\000.\0004\000\040\000D\000i\000m\000e\000n\000s\000i\000o\000n}{subsection.6.1.1}% 16
\BOOKMARK [3][-]{subsubsection.6.1.1.5}{\376\377\0006\000.\0001\000.\0001\000.\0005\000\040\000I\000n\000t\000e\000g\000e\000r\000C\000u\000b\000e\000I\000d}{subsection.6.1.1}% 17
\BOOKMARK [3][-]{subsubsection.6.1.1.6}{\376\377\0006\000.\0001\000.\0001\000.\0006\000\040\000M\000a\000t\000r\000i\000x}{subsection.6.1.1}% 18
\BOOKMARK [3][-]{subsubsection.6.1.1.7}{\376\377\0006\000.\0001\000.\0001\000.\0007\000\040\000P\000o\000i\000n\000t\000I\000d}{subsection.6.1.1}% 19
\BOOKMARK [3][-]{subsubsection.6.1.1.8}{\376\377\0006\000.\0001\000.\0001\000.\0008\000\040\000S\000c\000a\000l\000a\000r}{subsection.6.1.1}% 20
\BOOKMARK [3][-]{subsubsection.6.1.1.9}{\376\377\0006\000.\0001\000.\0001\000.\0009\000\040\000S\000i\000m\000p\000l\000e\000x\000I\000d}{subsection.6.1.1}% 21
\BOOKMARK [3][-]{subsubsection.6.1.1.10}{\376\377\0006\000.\0001\000.\0001\000.\0001\0000\000\040\000V\000e\000c\000t\000o\000r}{subsection.6.1.1}% 22
\BOOKMARK [2][-]{subsection.6.1.2}{\376\377\0006\000.\0001\000.\0002\000\040\000F\000u\000n\000c\000t\000i\000o\000n\000\040\000D\000o\000c\000u\000m\000e\000n\000t\000a\000t\000i\000o\000n}{section.6.1}% 23
\BOOKMARK [3][-]{subsubsection.6.1.2.1}{\376\377\0006\000.\0001\000.\0002\000.\0001\000\040\000c\000h\000e\000c\000k\000\137\000d\000a\000t\000a\000\137\000e\000q\000u\000a\000l\000\137\000d\000i\000m\000e\000n\000s\000i\000o\000n\000\050\000\051}{subsection.6.1.2}% 24
\BOOKMARK [3][-]{subsubsection.6.1.2.2}{\376\377\0006\000.\0001\000.\0002\000.\0002\000\040\000e\000u\000c\000l\000i\000d\000i\000d\000a\000n\000\137\000d\000i\000s\000t\000a\000n\000c\000e\000\050\000\051}{subsection.6.1.2}% 25
\BOOKMARK [3][-]{subsubsection.6.1.2.3}{\376\377\0006\000.\0001\000.\0002\000.\0003\000\040\000g\000e\000t\000\137\000d\000a\000t\000a\000\137\000d\000i\000m\000e\000n\000s\000i\000o\000n\000\050\000\051}{subsection.6.1.2}% 26
\BOOKMARK [3][-]{subsubsection.6.1.2.4}{\376\377\0006\000.\0001\000.\0002\000.\0004\000\040\000m\000a\000x\000i\000m\000u\000m\000\137\000d\000i\000s\000t\000a\000n\000c\000e\000\050\000\051}{subsection.6.1.2}% 27
\BOOKMARK [3][-]{subsubsection.6.1.2.5}{\376\377\0006\000.\0001\000.\0002\000.\0005\000\040\000p\000r\000i\000n\000t\000\050\000\051}{subsection.6.1.2}% 28
\BOOKMARK [3][-]{subsubsection.6.1.2.6}{\376\377\0006\000.\0001\000.\0002\000.\0006\000\040\000P\000Y\000B\000I\000N\000D\0001\0001\000\137\000M\000O\000D\000U\000L\000E\000\050\000\051}{subsection.6.1.2}% 29
\BOOKMARK [0][-]{chapter.7}{\376\377\0007\000\040\000C\000l\000a\000s\000s\000\040\000D\000o\000c\000u\000m\000e\000n\000t\000a\000t\000i\000o\000n}{}% 30
\BOOKMARK [1][-]{section.7.1}{\376\377\0007\000.\0001\000\040\000M\000a\000p\000p\000e\000r\000L\000i\000b\000:\000:\000C\000e\000c\000h\000C\000o\000m\000p\000l\000e\000x\000\040\000C\000l\000a\000s\000s\000\040\000R\000e\000f\000e\000r\000e\000n\000c\000e}{chapter.7}% 31
\BOOKMARK [2][-]{subsection.7.1.1}{\376\377\0007\000.\0001\000.\0001\000\040\000D\000e\000t\000a\000i\000l\000e\000d\000\040\000D\000e\000s\000c\000r\000i\000p\000t\000i\000o\000n}{section.7.1}% 32
\BOOKMARK [2][-]{subsection.7.1.2}{\376\377\0007\000.\0001\000.\0002\000\040\000C\000o\000n\000s\000t\000r\000u\000c\000t\000o\000r\000\040\000\046\000\040\000D\000e\000s\000t\000r\000u\000c\000t\000o\000r\000\040\000D\000o\000c\000u\000m\000e\000n\000t\000a\000t\000i\000o\000n}{section.7.1}% 33
\BOOKMARK [3][-]{subsubsection.7.1.2.1}{\376\377\0007\000.\0001\000.\0002\000.\0001\000\040\000C\000e\000c\000h\000C\000o\000m\000p\000l\000e\000x\000\050\000\051}{subsection.7.1.2}% 34
\BOOKMARK [2][-]{subsection.7.1.3}{\376\377\0007\000.\0001\000.\0003\000\040\000M\000e\000m\000b\000e\000r\000\040\000F\000u\000n\000c\000t\000i\000o\000n\000\040\000D\000o\000c\000u\000m\000e\000n\000t\000a\000t\000i\000o\000n}{section.7.1}% 35
\BOOKMARK [3][-]{subsubsection.7.1.3.1}{\376\377\0007\000.\0001\000.\0003\000.\0001\000\040\000g\000e\000n\000e\000r\000a\000t\000e\000\050\000\051}{subsection.7.1.3}% 36
\BOOKMARK [1][-]{section.7.2}{\376\377\0007\000.\0002\000\040\000M\000a\000p\000p\000e\000r\000L\000i\000b\000:\000:\000C\000e\000c\000h\000C\000o\000m\000p\000l\000e\000x\000F\000a\000c\000t\000o\000r\000y\000\040\000C\000l\000a\000s\000s\000\040\000R\000e\000f\000e\000r\000e\000n\000c\000e}{chapter.7}% 37
\BOOKMARK [2][-]{subsection.7.2.1}{\376\377\0007\000.\0002\000.\0001\000\040\000D\000e\000t\000a\000i\000l\000e\000d\000\040\000D\000e\000s\000c\000r\000i\000p\000t\000i\000o\000n}{section.7.2}% 38
\BOOKMARK [2][-]{subsection.7.2.2}{\376\377\0007\000.\0002\000.\0002\000\040\000C\000o\000n\000s\000t\000r\000u\000c\000t\000o\000r\000\040\000\046\000\040\000D\000e\000s\000t\000r\000u\000c\000t\000o\000r\000\040\000D\000o\000c\000u\000m\000e\000n\000t\000a\000t\000i\000o\000n}{section.7.2}% 39
\BOOKMARK [3][-]{subsubsection.7.2.2.1}{\376\377\0007\000.\0002\000.\0002\000.\0001\000\040\000C\000e\000c\000h\000C\000o\000m\000p\000l\000e\000x\000F\000a\000c\000t\000o\000r\000y\000\050\000\051}{subsection.7.2.2}% 40
\BOOKMARK [2][-]{subsection.7.2.3}{\376\377\0007\000.\0002\000.\0003\000\040\000M\000e\000m\000b\000e\000r\000\040\000F\000u\000n\000c\000t\000i\000o\000n\000\040\000D\000o\000c\000u\000m\000e\000n\000t\000a\000t\000i\000o\000n}{section.7.2}% 41
\BOOKMARK [3][-]{subsubsection.7.2.3.1}{\376\377\0007\000.\0002\000.\0003\000.\0001\000\040\000c\000r\000e\000a\000t\000e\000\137\000c\000o\000m\000p\000l\000e\000x\000\050\000\051}{subsection.7.2.3}% 42
\BOOKMARK [3][-]{subsubsection.7.2.3.2}{\376\377\0007\000.\0002\000.\0003\000.\0002\000\040\000m\000a\000k\000e\000\137\000s\000h\000a\000r\000e\000d\000\050\000\051}{subsection.7.2.3}% 43
\BOOKMARK [1][-]{section.7.3}{\376\377\0007\000.\0003\000\040\000M\000a\000p\000p\000e\000r\000L\000i\000b\000:\000:\000C\000l\000u\000s\000t\000e\000r\000e\000r\000\040\000C\000l\000a\000s\000s\000\040\000R\000e\000f\000e\000r\000e\000n\000c\000e}{chapter.7}% 44
\BOOKMARK [2][-]{subsection.7.3.1}{\376\377\0007\000.\0003\000.\0001\000\040\000D\000e\000t\000a\000i\000l\000e\000d\000\040\000D\000e\000s\000c\000r\000i\000p\000t\000i\000o\000n}{section.7.3}% 45
\BOOKMARK [2][-]{subsection.7.3.2}{\376\377\0007\000.\0003\000.\0002\000\040\000C\000o\000n\000s\000t\000r\000u\000c\000t\000o\000r\000\040\000\046\000\040\000D\000e\000s\000t\000r\000u\000c\000t\000o\000r\000\040\000D\000o\000c\000u\000m\000e\000n\000t\000a\000t\000i\000o\000n}{section.7.3}% 46
\BOOKMARK [3][-]{subsubsection.7.3.2.1}{\376\377\0007\000.\0003\000.\0002\000.\0001\000\040\000~\000C\000l\000u\000s\000t\000e\000r\000e\000r\000\050\000\051}{subsection.7.3.2}% 47
\BOOKMARK [2][-]{subsection.7.3.3}{\376\377\0007\000.\0003\000.\0003\000\040\000M\000e\000m\000b\000e\000r\000\040\000F\000u\000n\000c\000t\000i\000o\000n\000\040\000D\000o\000c\000u\000m\000e\000n\000t\000a\000t\000i\000o\000n}{section.7.3}% 48
\BOOKMARK [3][-]{subsubsection.7.3.3.1}{\376\377\0007\000.\0003\000.\0003\000.\0001\000\040\000p\000r\000e\000d\000i\000c\000t\000\050\000\051}{subsection.7.3.3}% 49
\BOOKMARK [1][-]{section.7.4}{\376\377\0007\000.\0004\000\040\000M\000a\000p\000p\000e\000r\000L\000i\000b\000:\000:\000C\000o\000m\000p\000l\000e\000x\000\040\000C\000l\000a\000s\000s\000\040\000R\000e\000f\000e\000r\000e\000n\000c\000e}{chapter.7}% 50
\BOOKMARK [2][-]{subsection.7.4.1}{\376\377\0007\000.\0004\000.\0001\000\040\000D\000e\000t\000a\000i\000l\000e\000d\000\040\000D\000e\000s\000c\000r\000i\000p\000t\000i\000o\000n}{section.7.4}% 51
\BOOKMARK [2][-]{subsection.7.4.2}{\376\377\0007\000.\0004\000.\0002\000\040\000C\000o\000n\000s\000t\000r\000u\000c\000t\000o\000r\000\040\000\046\000\040\000D\000e\000s\000t\000r\000u\000c\000t\000o\000r\000\040\000D\000o\000c\000u\000m\000e\000n\000t\000a\000t\000i\000o\000n}{section.7.4}% 52
\BOOKMARK [3][-]{subsubsection.7.4.2.1}{\376\377\0007\000.\0004\000.\0002\000.\0001\000\040\000~\000C\000o\000m\000p\000l\000e\000x\000\050\000\051}{subsection.7.4.2}% 53
\BOOKMARK [2][-]{subsection.7.4.3}{\376\377\0007\000.\0004\000.\0003\000\040\000M\000e\000m\000b\000e\000r\000\040\000F\000u\000n\000c\000t\000i\000o\000n\000\040\000D\000o\000c\000u\000m\000e\000n\000t\000a\000t\000i\000o\000n}{section.7.4}% 54
\BOOKMARK [3][-]{subsubsection.7.4.3.1}{\376\377\0007\000.\0004\000.\0003\000.\0001\000\040\000g\000e\000n\000e\000r\000a\000t\000e\000\050\000\051}{subsection.7.4.3}% 55
\BOOKMARK [1][-]{section.7.5}{\376\377\0007\000.\0005\000\040\000M\000a\000p\000p\000e\000r\000L\000i\000b\000:\000:\000C\000o\000m\000p\000l\000e\000x\000F\000a\000c\000t\000o\000r\000y\000\040\000C\000l\000a\000s\000s\000\040\000R\000e\000f\000e\000r\000e\000n\000c\000e}{chapter.7}% 56
\BOOKMARK [2][-]{subsection.7.5.1}{\376\377\0007\000.\0005\000.\0001\000\040\000D\000e\000t\000a\000i\000l\000e\000d\000\040\000D\000e\000s\000c\000r\000i\000p\000t\000i\000o\000n}{section.7.5}% 57
\BOOKMARK [2][-]{subsection.7.5.2}{\376\377\0007\000.\0005\000.\0002\000\040\000C\000o\000n\000s\000t\000r\000u\000c\000t\000o\000r\000\040\000\046\000\040\000D\000e\000s\000t\000r\000u\000c\000t\000o\000r\000\040\000D\000o\000c\000u\000m\000e\000n\000t\000a\000t\000i\000o\000n}{section.7.5}% 58
\BOOKMARK [3][-]{subsubsection.7.5.2.1}{\376\377\0007\000.\0005\000.\0002\000.\0001\000\040\000~\000C\000o\000m\000p\000l\000e\000x\000F\000a\000c\000t\000o\000r\000y\000\050\000\051}{subsection.7.5.2}% 59
\BOOKMARK [2][-]{subsection.7.5.3}{\376\377\0007\000.\0005\000.\0003\000\040\000M\000e\000m\000b\000e\000r\000\040\000F\000u\000n\000c\000t\000i\000o\000n\000\040\000D\000o\000c\000u\000m\000e\000n\000t\000a\000t\000i\000o\000n}{section.7.5}% 60
\BOOKMARK [3][-]{subsubsection.7.5.3.1}{\376\377\0007\000.\0005\000.\0003\000.\0001\000\040\000c\000r\000e\000a\000t\000e\000\137\000c\000o\000m\000p\000l\000e\000x\000\050\000\051}{subsection.7.5.3}% 61
\BOOKMARK [1][-]{section.7.6}{\376\377\0007\000.\0006\000\040\000M\000a\000p\000p\000e\000r\000L\000i\000b\000:\000:\000C\000o\000o\000r\000d\000i\000n\000a\000t\000e\000P\000l\000a\000n\000e\000P\000r\000o\000j\000e\000c\000t\000i\000o\000n\000\040\000C\000l\000a\000s\000s\000\040\000R\000e\000f\000e\000r\000e\000n\000c\000e}{chapter.7}% 62
\BOOKMARK [2][-]{subsection.7.6.1}{\376\377\0007\000.\0006\000.\0001\000\040\000D\000e\000t\000a\000i\000l\000e\000d\000\040\000D\000e\000s\000c\000r\000i\000p\000t\000i\000o\000n}{section.7.6}% 63
\BOOKMARK [2][-]{subsection.7.6.2}{\376\377\0007\000.\0006\000.\0002\000\040\000C\000o\000n\000s\000t\000r\000u\000c\000t\000o\000r\000\040\000\046\000\040\000D\000e\000s\000t\000r\000u\000c\000t\000o\000r\000\040\000D\000o\000c\000u\000m\000e\000n\000t\000a\000t\000i\000o\000n}{section.7.6}% 64
\BOOKMARK [3][-]{subsubsection.7.6.2.1}{\376\377\0007\000.\0006\000.\0002\000.\0001\000\040\000C\000o\000o\000r\000d\000i\000n\000a\000t\000e\000P\000l\000a\000n\000e\000P\000r\000o\000j\000e\000c\000t\000i\000o\000n\000\050\000\051}{subsection.7.6.2}% 65
\BOOKMARK [2][-]{subsection.7.6.3}{\376\377\0007\000.\0006\000.\0003\000\040\000M\000e\000m\000b\000e\000r\000\040\000F\000u\000n\000c\000t\000i\000o\000n\000\040\000D\000o\000c\000u\000m\000e\000n\000t\000a\000t\000i\000o\000n}{section.7.6}% 66
\BOOKMARK [3][-]{subsubsection.7.6.3.1}{\376\377\0007\000.\0006\000.\0003\000.\0001\000\040\000m\000a\000k\000e\000\137\000s\000h\000a\000r\000e\000d\000\050\000\051}{subsection.7.6.3}% 67
\BOOKMARK [3][-]{subsubsection.7.6.3.2}{\376\377\0007\000.\0006\000.\0003\000.\0002\000\040\000p\000r\000o\000j\000e\000c\000t\000\050\000\051}{subsection.7.6.3}% 68
\BOOKMARK [1][-]{section.7.7}{\376\377\0007\000.\0007\000\040\000M\000a\000p\000p\000e\000r\000L\000i\000b\000:\000:\000D\000a\000t\000a\000C\000o\000v\000e\000r\000\040\000C\000l\000a\000s\000s\000\040\000R\000e\000f\000e\000r\000e\000n\000c\000e}{chapter.7}% 69
\BOOKMARK [2][-]{subsection.7.7.1}{\376\377\0007\000.\0007\000.\0001\000\040\000D\000e\000t\000a\000i\000l\000e\000d\000\040\000D\000e\000s\000c\000r\000i\000p\000t\000i\000o\000n}{section.7.7}% 70
\BOOKMARK [2][-]{subsection.7.7.2}{\376\377\0007\000.\0007\000.\0002\000\040\000M\000e\000m\000b\000e\000r\000\040\000T\000y\000p\000e\000d\000e\000f\000\040\000D\000o\000c\000u\000m\000e\000n\000t\000a\000t\000i\000o\000n}{section.7.7}% 71
\BOOKMARK [3][-]{subsubsection.7.7.2.1}{\376\377\0007\000.\0007\000.\0002\000.\0001\000\040\000C\000u\000b\000e\000I\000d}{subsection.7.7.2}% 72
\BOOKMARK [2][-]{subsection.7.7.3}{\376\377\0007\000.\0007\000.\0003\000\040\000C\000o\000n\000s\000t\000r\000u\000c\000t\000o\000r\000\040\000\046\000\040\000D\000e\000s\000t\000r\000u\000c\000t\000o\000r\000\040\000D\000o\000c\000u\000m\000e\000n\000t\000a\000t\000i\000o\000n}{section.7.7}% 73
\BOOKMARK [3][-]{subsubsection.7.7.3.1}{\376\377\0007\000.\0007\000.\0003\000.\0001\000\040\000D\000a\000t\000a\000C\000o\000v\000e\000r\000\050\000\051\000\040\000[\0001\000/\0002\000]}{subsection.7.7.3}% 74
\BOOKMARK [3][-]{subsubsection.7.7.3.2}{\376\377\0007\000.\0007\000.\0003\000.\0002\000\040\000D\000a\000t\000a\000C\000o\000v\000e\000r\000\050\000\051\000\040\000[\0002\000/\0002\000]}{subsection.7.7.3}% 75
\BOOKMARK [2][-]{subsection.7.7.4}{\376\377\0007\000.\0007\000.\0004\000\040\000M\000e\000m\000b\000e\000r\000\040\000F\000u\000n\000c\000t\000i\000o\000n\000\040\000D\000o\000c\000u\000m\000e\000n\000t\000a\000t\000i\000o\000n}{section.7.7}% 76
\BOOKMARK [3][-]{subsubsection.7.7.4.1}{\376\377\0007\000.\0007\000.\0004\000.\0001\000\040\000c\000o\000n\000v\000e\000r\000t\000\137\000t\000o\000\137\000c\000u\000b\000e\000\137\000i\000d\000\050\000\051}{subsection.7.7.4}% 77
\BOOKMARK [3][-]{subsubsection.7.7.4.2}{\376\377\0007\000.\0007\000.\0004\000.\0002\000\040\000c\000o\000n\000v\000e\000r\000t\000\137\000t\000o\000\137\000i\000n\000t\000e\000g\000e\000r\000\137\000c\000u\000b\000e\000\137\000i\000d\000\050\000\051}{subsection.7.7.4}% 78
\BOOKMARK [3][-]{subsubsection.7.7.4.3}{\376\377\0007\000.\0007\000.\0004\000.\0003\000\040\000g\000e\000t\000\137\000n\000a\000t\000i\000v\000e\000\137\000c\000u\000b\000e\000\137\000i\000d\000\050\000\051}{subsection.7.7.4}% 79
\BOOKMARK [3][-]{subsubsection.7.7.4.4}{\376\377\0007\000.\0007\000.\0004\000.\0004\000\040\000g\000e\000t\000\137\000n\000e\000i\000g\000h\000b\000o\000r\000\137\000c\000u\000b\000e\000s\000\050\000\051}{subsection.7.7.4}% 80
\BOOKMARK [3][-]{subsubsection.7.7.4.5}{\376\377\0007\000.\0007\000.\0004\000.\0005\000\040\000g\000e\000t\000\137\000n\000u\000m\000\137\000c\000u\000b\000e\000s\000\137\000i\000n\000\137\000d\000i\000m\000e\000n\000s\000i\000o\000n\000\050\000\051}{subsection.7.7.4}% 81
\BOOKMARK [3][-]{subsubsection.7.7.4.6}{\376\377\0007\000.\0007\000.\0004\000.\0006\000\040\000g\000e\000t\000\137\000p\000o\000i\000n\000t\000s\000\137\000i\000n\000\137\000c\000u\000b\000e\000\050\000\051}{subsection.7.7.4}% 82
\BOOKMARK [3][-]{subsubsection.7.7.4.7}{\376\377\0007\000.\0007\000.\0004\000.\0007\000\040\000g\000e\000t\000\137\000t\000o\000t\000a\000l\000\137\000n\000u\000m\000\137\000c\000u\000b\000e\000s\000\050\000\051}{subsection.7.7.4}% 83
\BOOKMARK [3][-]{subsubsection.7.7.4.8}{\376\377\0007\000.\0007\000.\0004\000.\0008\000\040\000i\000s\000\137\000v\000e\000c\000t\000o\000r\000\137\000i\000n\000\137\000c\000u\000b\000e\000\050\000\051}{subsection.7.7.4}% 84
\BOOKMARK [1][-]{section.7.8}{\376\377\0007\000.\0008\000\040\000M\000a\000p\000p\000e\000r\000L\000i\000b\000:\000:\000D\000a\000t\000a\000C\000o\000v\000e\000r\000F\000a\000c\000t\000o\000r\000y\000\040\000C\000l\000a\000s\000s\000\040\000R\000e\000f\000e\000r\000e\000n\000c\000e}{chapter.7}% 85
\BOOKMARK [2][-]{subsection.7.8.1}{\376\377\0007\000.\0008\000.\0001\000\040\000D\000e\000t\000a\000i\000l\000e\000d\000\040\000D\000e\000s\000c\000r\000i\000p\000t\000i\000o\000n}{section.7.8}% 86
\BOOKMARK [2][-]{subsection.7.8.2}{\376\377\0007\000.\0008\000.\0002\000\040\000C\000o\000n\000s\000t\000r\000u\000c\000t\000o\000r\000\040\000\046\000\040\000D\000e\000s\000t\000r\000u\000c\000t\000o\000r\000\040\000D\000o\000c\000u\000m\000e\000n\000t\000a\000t\000i\000o\000n}{section.7.8}% 87
\BOOKMARK [3][-]{subsubsection.7.8.2.1}{\376\377\0007\000.\0008\000.\0002\000.\0001\000\040\000D\000a\000t\000a\000C\000o\000v\000e\000r\000F\000a\000c\000t\000o\000r\000y\000\050\000\051\000\040\000[\0001\000/\0002\000]}{subsection.7.8.2}% 88
\BOOKMARK [3][-]{subsubsection.7.8.2.2}{\376\377\0007\000.\0008\000.\0002\000.\0002\000\040\000D\000a\000t\000a\000C\000o\000v\000e\000r\000F\000a\000c\000t\000o\000r\000y\000\050\000\051\000\040\000[\0002\000/\0002\000]}{subsection.7.8.2}% 89
\BOOKMARK [2][-]{subsection.7.8.3}{\376\377\0007\000.\0008\000.\0003\000\040\000M\000e\000m\000b\000e\000r\000\040\000F\000u\000n\000c\000t\000i\000o\000n\000\040\000D\000o\000c\000u\000m\000e\000n\000t\000a\000t\000i\000o\000n}{section.7.8}% 90
\BOOKMARK [3][-]{subsubsection.7.8.3.1}{\376\377\0007\000.\0008\000.\0003\000.\0001\000\040\000c\000r\000e\000a\000t\000e\000\137\000d\000a\000t\000a\000\137\000c\000o\000v\000e\000r\000\050\000\051}{subsection.7.8.3}% 91
\BOOKMARK [3][-]{subsubsection.7.8.3.2}{\376\377\0007\000.\0008\000.\0003\000.\0002\000\040\000m\000a\000k\000e\000\137\000s\000h\000a\000r\000e\000d\000\050\000\051\000\040\000[\0001\000/\0002\000]}{subsection.7.8.3}% 92
\BOOKMARK [3][-]{subsubsection.7.8.3.3}{\376\377\0007\000.\0008\000.\0003\000.\0003\000\040\000m\000a\000k\000e\000\137\000s\000h\000a\000r\000e\000d\000\050\000\051\000\040\000[\0002\000/\0002\000]}{subsection.7.8.3}% 93
\BOOKMARK [1][-]{section.7.9}{\376\377\0007\000.\0009\000\040\000M\000a\000p\000p\000e\000r\000L\000i\000b\000:\000:\000M\000a\000p\000p\000e\000r\000\040\000C\000l\000a\000s\000s\000\040\000R\000e\000f\000e\000r\000e\000n\000c\000e}{chapter.7}% 94
\BOOKMARK [2][-]{subsection.7.9.1}{\376\377\0007\000.\0009\000.\0001\000\040\000D\000e\000t\000a\000i\000l\000e\000d\000\040\000D\000e\000s\000c\000r\000i\000p\000t\000i\000o\000n}{section.7.9}% 95
\BOOKMARK [2][-]{subsection.7.9.2}{\376\377\0007\000.\0009\000.\0002\000\040\000C\000o\000n\000s\000t\000r\000u\000c\000t\000o\000r\000\040\000\046\000\040\000D\000e\000s\000t\000r\000u\000c\000t\000o\000r\000\040\000D\000o\000c\000u\000m\000e\000n\000t\000a\000t\000i\000o\000n}{section.7.9}% 96
\BOOKMARK [3][-]{subsubsection.7.9.2.1}{\376\377\0007\000.\0009\000.\0002\000.\0001\000\040\000M\000a\000p\000p\000e\000r\000\050\000\051}{subsection.7.9.2}% 97
\BOOKMARK [2][-]{subsection.7.9.3}{\376\377\0007\000.\0009\000.\0003\000\040\000M\000e\000m\000b\000e\000r\000\040\000F\000u\000n\000c\000t\000i\000o\000n\000\040\000D\000o\000c\000u\000m\000e\000n\000t\000a\000t\000i\000o\000n}{section.7.9}% 98
\BOOKMARK [3][-]{subsubsection.7.9.3.1}{\376\377\0007\000.\0009\000.\0003\000.\0001\000\040\000m\000a\000p\000\050\000\051}{subsection.7.9.3}% 99
\BOOKMARK [1][-]{section.7.10}{\376\377\0007\000.\0001\0000\000\040\000M\000a\000p\000p\000e\000r\000L\000i\000b\000:\000:\000M\000a\000p\000p\000e\000r\000C\000l\000u\000s\000t\000e\000r\000\040\000S\000t\000r\000u\000c\000t\000\040\000R\000e\000f\000e\000r\000e\000n\000c\000e}{chapter.7}% 100
\BOOKMARK [2][-]{subsection.7.10.1}{\376\377\0007\000.\0001\0000\000.\0001\000\040\000D\000e\000t\000a\000i\000l\000e\000d\000\040\000D\000e\000s\000c\000r\000i\000p\000t\000i\000o\000n}{section.7.10}% 101
\BOOKMARK [2][-]{subsection.7.10.2}{\376\377\0007\000.\0001\0000\000.\0002\000\040\000M\000e\000m\000b\000e\000r\000\040\000D\000a\000t\000a\000\040\000D\000o\000c\000u\000m\000e\000n\000t\000a\000t\000i\000o\000n}{section.7.10}% 102
\BOOKMARK [3][-]{subsubsection.7.10.2.1}{\376\377\0007\000.\0001\0000\000.\0002\000.\0001\000\040\000c\000l\000u\000s\000t\000e\000r\000\137\000i\000d}{subsection.7.10.2}% 103
\BOOKMARK [3][-]{subsubsection.7.10.2.2}{\376\377\0007\000.\0001\0000\000.\0002\000.\0002\000\040\000i\000n\000t\000e\000g\000e\000r\000\137\000c\000u\000b\000e\000\137\000i\000d}{subsection.7.10.2}% 104
\BOOKMARK [3][-]{subsubsection.7.10.2.3}{\376\377\0007\000.\0001\0000\000.\0002\000.\0003\000\040\000p\000o\000i\000n\000t\000s}{subsection.7.10.2}% 105
\BOOKMARK [1][-]{section.7.11}{\376\377\0007\000.\0001\0001\000\040\000M\000a\000p\000p\000e\000r\000L\000i\000b\000:\000:\000P\000r\000o\000j\000e\000c\000t\000i\000o\000n\000\040\000C\000l\000a\000s\000s\000\040\000R\000e\000f\000e\000r\000e\000n\000c\000e}{chapter.7}% 106
\BOOKMARK [2][-]{subsection.7.11.1}{\376\377\0007\000.\0001\0001\000.\0001\000\040\000D\000e\000t\000a\000i\000l\000e\000d\000\040\000D\000e\000s\000c\000r\000i\000p\000t\000i\000o\000n}{section.7.11}% 107
\BOOKMARK [2][-]{subsection.7.11.2}{\376\377\0007\000.\0001\0001\000.\0002\000\040\000C\000o\000n\000s\000t\000r\000u\000c\000t\000o\000r\000\040\000\046\000\040\000D\000e\000s\000t\000r\000u\000c\000t\000o\000r\000\040\000D\000o\000c\000u\000m\000e\000n\000t\000a\000t\000i\000o\000n}{section.7.11}% 108
\BOOKMARK [3][-]{subsubsection.7.11.2.1}{\376\377\0007\000.\0001\0001\000.\0002\000.\0001\000\040\000~\000P\000r\000o\000j\000e\000c\000t\000i\000o\000n\000\050\000\051}{subsection.7.11.2}% 109
\BOOKMARK [2][-]{subsection.7.11.3}{\376\377\0007\000.\0001\0001\000.\0003\000\040\000M\000e\000m\000b\000e\000r\000\040\000F\000u\000n\000c\000t\000i\000o\000n\000\040\000D\000o\000c\000u\000m\000e\000n\000t\000a\000t\000i\000o\000n}{section.7.11}% 110
\BOOKMARK [3][-]{subsubsection.7.11.3.1}{\376\377\0007\000.\0001\0001\000.\0003\000.\0001\000\040\000p\000r\000o\000j\000e\000c\000t\000\050\000\051}{subsection.7.11.3}% 111
\BOOKMARK [1][-]{section.7.12}{\376\377\0007\000.\0001\0002\000\040\000M\000a\000p\000p\000e\000r\000L\000i\000b\000:\000:\000S\000i\000m\000p\000l\000e\000x\000\040\000S\000t\000r\000u\000c\000t\000\040\000R\000e\000f\000e\000r\000e\000n\000c\000e}{chapter.7}% 112
\BOOKMARK [2][-]{subsection.7.12.1}{\376\377\0007\000.\0001\0002\000.\0001\000\040\000D\000e\000t\000a\000i\000l\000e\000d\000\040\000D\000e\000s\000c\000r\000i\000p\000t\000i\000o\000n}{section.7.12}% 113
\BOOKMARK [2][-]{subsection.7.12.2}{\376\377\0007\000.\0001\0002\000.\0002\000\040\000M\000e\000m\000b\000e\000r\000\040\000F\000u\000n\000c\000t\000i\000o\000n\000\040\000D\000o\000c\000u\000m\000e\000n\000t\000a\000t\000i\000o\000n}{section.7.12}% 114
\BOOKMARK [3][-]{subsubsection.7.12.2.1}{\376\377\0007\000.\0001\0002\000.\0002\000.\0001\000\040\000d\000i\000m\000e\000n\000s\000i\000o\000n\000\050\000\051}{subsection.7.12.2}% 115
\BOOKMARK [3][-]{subsubsection.7.12.2.2}{\376\377\0007\000.\0001\0002\000.\0002\000.\0002\000\040\000g\000e\000t\000\137\000p\000o\000i\000n\000t\000s\000\050\000\051}{subsection.7.12.2}% 116
\BOOKMARK [3][-]{subsubsection.7.12.2.3}{\376\377\0007\000.\0001\0002\000.\0002\000.\0003\000\040\000n\000u\000m\000\137\000n\000o\000d\000e\000s\000\050\000\051}{subsection.7.12.2}% 117
\BOOKMARK [3][-]{subsubsection.7.12.2.4}{\376\377\0007\000.\0001\0002\000.\0002\000.\0004\000\040\000o\000p\000e\000r\000a\000t\000o\000r\000[\000]\000\050\000\051}{subsection.7.12.2}% 118
\BOOKMARK [2][-]{subsection.7.12.3}{\376\377\0007\000.\0001\0002\000.\0003\000\040\000M\000e\000m\000b\000e\000r\000\040\000D\000a\000t\000a\000\040\000D\000o\000c\000u\000m\000e\000n\000t\000a\000t\000i\000o\000n}{section.7.12}% 119
\BOOKMARK [3][-]{subsubsection.7.12.3.1}{\376\377\0007\000.\0001\0002\000.\0003\000.\0001\000\040\000p\000o\000i\000n\000t\000s}{subsection.7.12.3}% 120
\BOOKMARK [1][-]{section.7.13}{\376\377\0007\000.\0001\0003\000\040\000M\000a\000p\000p\000e\000r\000L\000i\000b\000:\000:\000S\000i\000n\000g\000l\000e\000L\000i\000n\000k\000a\000g\000e\000\040\000C\000l\000a\000s\000s\000\040\000R\000e\000f\000e\000r\000e\000n\000c\000e}{chapter.7}% 121
\BOOKMARK [2][-]{subsection.7.13.1}{\376\377\0007\000.\0001\0003\000.\0001\000\040\000D\000e\000t\000a\000i\000l\000e\000d\000\040\000D\000e\000s\000c\000r\000i\000p\000t\000i\000o\000n}{section.7.13}% 122
\BOOKMARK [2][-]{subsection.7.13.2}{\376\377\0007\000.\0001\0003\000.\0002\000\040\000C\000o\000n\000s\000t\000r\000u\000c\000t\000o\000r\000\040\000\046\000\040\000D\000e\000s\000t\000r\000u\000c\000t\000o\000r\000\040\000D\000o\000c\000u\000m\000e\000n\000t\000a\000t\000i\000o\000n}{section.7.13}% 123
\BOOKMARK [3][-]{subsubsection.7.13.2.1}{\376\377\0007\000.\0001\0003\000.\0002\000.\0001\000\040\000S\000i\000n\000g\000l\000e\000L\000i\000n\000k\000a\000g\000e\000\050\000\051}{subsection.7.13.2}% 124
\BOOKMARK [2][-]{subsection.7.13.3}{\376\377\0007\000.\0001\0003\000.\0003\000\040\000M\000e\000m\000b\000e\000r\000\040\000F\000u\000n\000c\000t\000i\000o\000n\000\040\000D\000o\000c\000u\000m\000e\000n\000t\000a\000t\000i\000o\000n}{section.7.13}% 125
\BOOKMARK [3][-]{subsubsection.7.13.3.1}{\376\377\0007\000.\0001\0003\000.\0003\000.\0001\000\040\000m\000a\000k\000e\000\137\000s\000h\000a\000r\000e\000d\000\050\000\051}{subsection.7.13.3}% 126
\BOOKMARK [3][-]{subsubsection.7.13.3.2}{\376\377\0007\000.\0001\0003\000.\0003\000.\0002\000\040\000p\000r\000e\000d\000i\000c\000t\000\050\000\051}{subsection.7.13.3}% 127
\BOOKMARK [1][-]{section.7.14}{\376\377\0007\000.\0001\0004\000\040\000M\000a\000p\000p\000e\000r\000L\000i\000b\000:\000:\000S\000L\000i\000n\000k\000\137\000S\000i\000n\000g\000l\000e\000L\000i\000n\000k\000a\000g\000e\000\040\000C\000l\000a\000s\000s\000\040\000R\000e\000f\000e\000r\000e\000n\000c\000e}{chapter.7}% 128
\BOOKMARK [2][-]{subsection.7.14.1}{\376\377\0007\000.\0001\0004\000.\0001\000\040\000D\000e\000t\000a\000i\000l\000e\000d\000\040\000D\000e\000s\000c\000r\000i\000p\000t\000i\000o\000n}{section.7.14}% 129
\BOOKMARK [2][-]{subsection.7.14.2}{\376\377\0007\000.\0001\0004\000.\0002\000\040\000C\000o\000n\000s\000t\000r\000u\000c\000t\000o\000r\000\040\000\046\000\040\000D\000e\000s\000t\000r\000u\000c\000t\000o\000r\000\040\000D\000o\000c\000u\000m\000e\000n\000t\000a\000t\000i\000o\000n}{section.7.14}% 130
\BOOKMARK [3][-]{subsubsection.7.14.2.1}{\376\377\0007\000.\0001\0004\000.\0002\000.\0001\000\040\000S\000L\000i\000n\000k\000\137\000S\000i\000n\000g\000l\000e\000L\000i\000n\000k\000a\000g\000e\000\050\000\051}{subsection.7.14.2}% 131
\BOOKMARK [2][-]{subsection.7.14.3}{\376\377\0007\000.\0001\0004\000.\0003\000\040\000M\000e\000m\000b\000e\000r\000\040\000F\000u\000n\000c\000t\000i\000o\000n\000\040\000D\000o\000c\000u\000m\000e\000n\000t\000a\000t\000i\000o\000n}{section.7.14}% 132
\BOOKMARK [3][-]{subsubsection.7.14.3.1}{\376\377\0007\000.\0001\0004\000.\0003\000.\0001\000\040\000m\000a\000k\000e\000\137\000s\000h\000a\000r\000e\000d\000\050\000\051}{subsection.7.14.3}% 133
\BOOKMARK [3][-]{subsubsection.7.14.3.2}{\376\377\0007\000.\0001\0004\000.\0003\000.\0002\000\040\000p\000r\000e\000d\000i\000c\000t\000\050\000\051}{subsection.7.14.3}% 134
\BOOKMARK [0][-]{chapter.8}{\376\377\0008\000\040\000F\000i\000l\000e\000\040\000D\000o\000c\000u\000m\000e\000n\000t\000a\000t\000i\000o\000n}{}% 135
\BOOKMARK [1][-]{section.8.1}{\376\377\0008\000.\0001\000\040\000C\000e\000c\000h\000C\000o\000m\000p\000l\000e\000x\000.\000c\000p\000p\000\040\000F\000i\000l\000e\000\040\000R\000e\000f\000e\000r\000e\000n\000c\000e}{chapter.8}% 136
\BOOKMARK [1][-]{section.8.2}{\376\377\0008\000.\0002\000\040\000C\000e\000c\000h\000C\000o\000m\000p\000l\000e\000x\000.\000h\000\040\000F\000i\000l\000e\000\040\000R\000e\000f\000e\000r\000e\000n\000c\000e}{chapter.8}% 137
\BOOKMARK [1][-]{section.8.3}{\376\377\0008\000.\0003\000\040\000C\000e\000c\000h\000C\000o\000m\000p\000l\000e\000x\000.\000h}{chapter.8}% 138
\BOOKMARK [1][-]{section.8.4}{\376\377\0008\000.\0004\000\040\000C\000l\000u\000s\000t\000e\000r\000e\000r\000.\000h\000\040\000F\000i\000l\000e\000\040\000R\000e\000f\000e\000r\000e\000n\000c\000e}{chapter.8}% 139
\BOOKMARK [1][-]{section.8.5}{\376\377\0008\000.\0005\000\040\000C\000l\000u\000s\000t\000e\000r\000e\000r\000.\000h}{chapter.8}% 140
\BOOKMARK [1][-]{section.8.6}{\376\377\0008\000.\0006\000\040\000D\000a\000t\000a\000C\000o\000v\000e\000r\000.\000c\000p\000p\000\040\000F\000i\000l\000e\000\040\000R\000e\000f\000e\000r\000e\000n\000c\000e}{chapter.8}% 141
\BOOKMARK [2][-]{subsection.8.6.1}{\376\377\0008\000.\0006\000.\0001\000\040\000F\000u\000n\000c\000t\000i\000o\000n\000\040\000D\000o\000c\000u\000m\000e\000n\000t\000a\000t\000i\000o\000n}{section.8.6}% 142
\BOOKMARK [3][-]{subsubsection.8.6.1.1}{\376\377\0008\000.\0006\000.\0001\000.\0001\000\040\000o\000p\000e\000r\000a\000t\000o\000r\000<\000<\000\050\000\051}{subsection.8.6.1}% 143
\BOOKMARK [1][-]{section.8.7}{\376\377\0008\000.\0007\000\040\000D\000a\000t\000a\000C\000o\000v\000e\000r\000.\000h\000\040\000F\000i\000l\000e\000\040\000R\000e\000f\000e\000r\000e\000n\000c\000e}{chapter.8}% 144
\BOOKMARK [2][-]{subsection.8.7.1}{\376\377\0008\000.\0007\000.\0001\000\040\000F\000u\000n\000c\000t\000i\000o\000n\000\040\000D\000o\000c\000u\000m\000e\000n\000t\000a\000t\000i\000o\000n}{section.8.7}% 145
\BOOKMARK [3][-]{subsubsection.8.7.1.1}{\376\377\0008\000.\0007\000.\0001\000.\0001\000\040\000o\000p\000e\000r\000a\000t\000o\000r\000<\000<\000\050\000\051}{subsection.8.7.1}% 146
\BOOKMARK [1][-]{section.8.8}{\376\377\0008\000.\0008\000\040\000D\000a\000t\000a\000C\000o\000v\000e\000r\000.\000h}{chapter.8}% 147
\BOOKMARK [1][-]{section.8.9}{\376\377\0008\000.\0009\000\040\000L\000i\000n\000a\000l\000g\000H\000e\000l\000p\000e\000r\000s\000.\000c\000p\000p\000\040\000F\000i\000l\000e\000\040\000R\000e\000f\000e\000r\000e\000n\000c\000e}{chapter.8}% 148
\BOOKMARK [2][-]{subsection.8.9.1}{\376\377\0008\000.\0009\000.\0001\000\040\000F\000u\000n\000c\000t\000i\000o\000n\000\040\000D\000o\000c\000u\000m\000e\000n\000t\000a\000t\000i\000o\000n}{section.8.9}% 149
\BOOKMARK [3][-]{subsubsection.8.9.1.1}{\376\377\0008\000.\0009\000.\0001\000.\0001\000\040\000o\000p\000e\000r\000a\000t\000o\000r\000<\000<\000\050\000\051\000\040\000[\0001\000/\0002\000]}{subsection.8.9.1}% 150
\BOOKMARK [3][-]{subsubsection.8.9.1.2}{\376\377\0008\000.\0009\000.\0001\000.\0002\000\040\000o\000p\000e\000r\000a\000t\000o\000r\000<\000<\000\050\000\051\000\040\000[\0002\000/\0002\000]}{subsection.8.9.1}% 151
\BOOKMARK [1][-]{section.8.10}{\376\377\0008\000.\0001\0000\000\040\000L\000i\000n\000a\000l\000g\000H\000e\000l\000p\000e\000r\000s\000.\000h\000\040\000F\000i\000l\000e\000\040\000R\000e\000f\000e\000r\000e\000n\000c\000e}{chapter.8}% 152
\BOOKMARK [2][-]{subsection.8.10.1}{\376\377\0008\000.\0001\0000\000.\0001\000\040\000F\000u\000n\000c\000t\000i\000o\000n\000\040\000D\000o\000c\000u\000m\000e\000n\000t\000a\000t\000i\000o\000n}{section.8.10}% 153
\BOOKMARK [3][-]{subsubsection.8.10.1.1}{\376\377\0008\000.\0001\0000\000.\0001\000.\0001\000\040\000o\000p\000e\000r\000a\000t\000o\000r\000<\000<\000\050\000\051\000\040\000[\0001\000/\0002\000]}{subsection.8.10.1}% 154
\BOOKMARK [3][-]{subsubsection.8.10.1.2}{\376\377\0008\000.\0001\0000\000.\0001\000.\0002\000\040\000o\000p\000e\000r\000a\000t\000o\000r\000<\000<\000\050\000\051\000\040\000[\0002\000/\0002\000]}{subsection.8.10.1}% 155
\BOOKMARK [1][-]{section.8.11}{\376\377\0008\000.\0001\0001\000\040\000L\000i\000n\000a\000l\000g\000H\000e\000l\000p\000e\000r\000s\000.\000h}{chapter.8}% 156
\BOOKMARK [1][-]{section.8.12}{\376\377\0008\000.\0001\0002\000\040\000m\000a\000i\000n\000.\000c\000p\000p\000\040\000F\000i\000l\000e\000\040\000R\000e\000f\000e\000r\000e\000n\000c\000e}{chapter.8}% 157
\BOOKMARK [2][-]{subsection.8.12.1}{\376\377\0008\000.\0001\0002\000.\0001\000\040\000F\000u\000n\000c\000t\000i\000o\000n\000\040\000D\000o\000c\000u\000m\000e\000n\000t\000a\000t\000i\000o\000n}{section.8.12}% 158
\BOOKMARK [3][-]{subsubsection.8.12.1.1}{\376\377\0008\000.\0001\0002\000.\0001\000.\0001\000\040\000m\000a\000i\000n\000\050\000\051}{subsection.8.12.1}% 159
\BOOKMARK [1][-]{section.8.13}{\376\377\0008\000.\0001\0003\000\040\000M\000a\000p\000p\000e\000r\000.\000c\000p\000p\000\040\000F\000i\000l\000e\000\040\000R\000e\000f\000e\000r\000e\000n\000c\000e}{chapter.8}% 160
\BOOKMARK [1][-]{section.8.14}{\376\377\0008\000.\0001\0004\000\040\000M\000a\000p\000p\000e\000r\000.\000h\000\040\000F\000i\000l\000e\000\040\000R\000e\000f\000e\000r\000e\000n\000c\000e}{chapter.8}% 161
\BOOKMARK [1][-]{section.8.15}{\376\377\0008\000.\0001\0005\000\040\000M\000a\000p\000p\000e\000r\000.\000h}{chapter.8}% 162
\BOOKMARK [1][-]{section.8.16}{\376\377\0008\000.\0001\0006\000\040\000P\000r\000o\000j\000e\000c\000t\000i\000o\000n\000.\000c\000p\000p\000\040\000F\000i\000l\000e\000\040\000R\000e\000f\000e\000r\000e\000n\000c\000e}{chapter.8}% 163
\BOOKMARK [1][-]{section.8.17}{\376\377\0008\000.\0001\0007\000\040\000P\000r\000o\000j\000e\000c\000t\000i\000o\000n\000.\000h\000\040\000F\000i\000l\000e\000\040\000R\000e\000f\000e\000r\000e\000n\000c\000e}{chapter.8}% 164
\BOOKMARK [1][-]{section.8.18}{\376\377\0008\000.\0001\0008\000\040\000P\000r\000o\000j\000e\000c\000t\000i\000o\000n\000.\000h}{chapter.8}% 165
\BOOKMARK [1][-]{section.8.19}{\376\377\0008\000.\0001\0009\000\040\000P\000y\000t\000h\000o\000n\000M\000o\000d\000u\000l\000e\000.\000c\000p\000p\000\040\000F\000i\000l\000e\000\040\000R\000e\000f\000e\000r\000e\000n\000c\000e}{chapter.8}% 166
\BOOKMARK [1][-]{section.8.20}{\376\377\0008\000.\0002\0000\000\040\000S\000i\000n\000g\000l\000e\000L\000i\000n\000k\000a\000g\000e\000.\000c\000p\000p\000\040\000F\000i\000l\000e\000\040\000R\000e\000f\000e\000r\000e\000n\000c\000e}{chapter.8}% 167
\BOOKMARK [1][-]{section.8.21}{\376\377\0008\000.\0002\0001\000\040\000S\000i\000n\000g\000l\000e\000L\000i\000n\000k\000a\000g\000e\000.\000h\000\040\000F\000i\000l\000e\000\040\000R\000e\000f\000e\000r\000e\000n\000c\000e}{chapter.8}% 168
\BOOKMARK [1][-]{section.8.22}{\376\377\0008\000.\0002\0002\000\040\000S\000i\000n\000g\000l\000e\000L\000i\000n\000k\000a\000g\000e\000.\000h}{chapter.8}% 169
\BOOKMARK [1][-]{section.8.23}{\376\377\0008\000.\0002\0003\000\040\000S\000L\000i\000n\000k\000\137\000S\000i\000n\000g\000l\000e\000L\000i\000n\000k\000a\000g\000e\000.\000c\000p\000p\000\040\000F\000i\000l\000e\000\040\000R\000e\000f\000e\000r\000e\000n\000c\000e}{chapter.8}% 170
\BOOKMARK [1][-]{section.8.24}{\376\377\0008\000.\0002\0004\000\040\000S\000L\000i\000n\000k\000\137\000S\000i\000n\000g\000l\000e\000L\000i\000n\000k\000a\000g\000e\000.\000h\000\040\000F\000i\000l\000e\000\040\000R\000e\000f\000e\000r\000e\000n\000c\000e}{chapter.8}% 171
\BOOKMARK [1][-]{section.8.25}{\376\377\0008\000.\0002\0005\000\040\000S\000L\000i\000n\000k\000\137\000S\000i\000n\000g\000l\000e\000L\000i\000n\000k\000a\000g\000e\000.\000h}{chapter.8}% 172
\BOOKMARK [1][-]{section.8.26}{\376\377\0008\000.\0002\0006\000\040\000t\000y\000p\000e\000d\000e\000f\000s\000.\000h\000\040\000F\000i\000l\000e\000\040\000R\000e\000f\000e\000r\000e\000n\000c\000e}{chapter.8}% 173
\BOOKMARK [2][-]{subsection.8.26.1}{\376\377\0008\000.\0002\0006\000.\0001\000\040\000F\000u\000n\000c\000t\000i\000o\000n\000\040\000D\000o\000c\000u\000m\000e\000n\000t\000a\000t\000i\000o\000n}{section.8.26}% 174
\BOOKMARK [3][-]{subsubsection.8.26.1.1}{\376\377\0008\000.\0002\0006\000.\0001\000.\0001\000\040\000o\000p\000e\000r\000a\000t\000o\000r\000<\000<\000\050\000\051\000\040\000[\0001\000/\0003\000]}{subsection.8.26.1}% 175
\BOOKMARK [3][-]{subsubsection.8.26.1.2}{\376\377\0008\000.\0002\0006\000.\0001\000.\0002\000\040\000o\000p\000e\000r\000a\000t\000o\000r\000<\000<\000\050\000\051\000\040\000[\0002\000/\0003\000]}{subsection.8.26.1}% 176
\BOOKMARK [3][-]{subsubsection.8.26.1.3}{\376\377\0008\000.\0002\0006\000.\0001\000.\0003\000\040\000o\000p\000e\000r\000a\000t\000o\000r\000<\000<\000\050\000\051\000\040\000[\0003\000/\0003\000]}{subsection.8.26.1}% 177
\BOOKMARK [1][-]{section.8.27}{\376\377\0008\000.\0002\0007\000\040\000t\000y\000p\000e\000d\000e\000f\000s\000.\000h}{chapter.8}% 178
\BOOKMARK [0][-]{section*.73}{\376\377\000I\000n\000d\000e\000x}{}% 179
